<?xml version="1.0" encoding="UTF-8"?>
<!-- Generated by org.testng.reporters.JUnitReportReporter -->
<testsuite hostname="Abdulraheem" failures="0" tests="1" name="myTestcases.Signup" time="12.678" errors="0" timestamp="2024-01-28T19:37:45 EET" skipped="0">
  <testcase classname="myTestcases.Signup" name="myFirstTest" time="12.678"/>
  <system-out/>
</testsuite> <!-- myTestcases.Signup -->
