<?xml version="1.0" encoding="UTF-8"?>
<!-- Generated by org.testng.reporters.JUnitReportReporter -->
<testsuite hostname="Abdulraheem" failures="0" tests="4" name="myTestcases.Signup" time="21.614" errors="0" timestamp="2024-01-29T19:18:40 EET" skipped="0">
  <testcase classname="myTestcases.Signup" name="myFirstTest" time="6.493"/>
  <system-out/>
  <testcase classname="myTestcases.Signup" name="logoutProcess" time="1.190"/>
  <system-out/>
  <testcase classname="myTestcases.Signup" name="LoginProcess" time="4.849"/>
  <system-out/>
  <testcase classname="myTestcases.Signup" name="addOneRandomItem" time="9.082"/>
  <system-out/>
</testsuite> <!-- myTestcases.Signup -->
